I, [2016-11-30T12:46:28.072262 #3286]  INFO -- simple1-ubuntu1404: -----> Converging <simple1-ubuntu1404>...
I, [2016-11-30T12:46:28.072979 #3286]  INFO -- simple1-ubuntu1404: Preparing files for transfer
I, [2016-11-30T12:46:28.073201 #3286]  INFO -- simple1-ubuntu1404: *************** AnsiblePush install_command ***************
I, [2016-11-30T12:46:28.073250 #3286]  INFO -- simple1-ubuntu1404: Ansible push config validated
I, [2016-11-30T12:46:28.567757 #3286]  INFO -- simple1-ubuntu1404: -----> Installing Chef Omnibus needed by busser and serverspec
I, [2016-11-30T12:46:28.568036 #3286]  INFO -- simple1-ubuntu1404: downloading nil
I, [2016-11-30T12:46:28.568074 #3286]  INFO -- simple1-ubuntu1404:   to file /tmp/install.sh
I, [2016-11-30T12:46:28.568100 #3286]  INFO -- simple1-ubuntu1404: trying wget...
I, [2016-11-30T12:46:33.627766 #3286]  INFO -- simple1-ubuntu1404: trying curl...
I, [2016-11-30T12:46:33.639225 #3286]  INFO -- simple1-ubuntu1404:   % Total    % Received % Xferd  Average Speed   Time    Time     Time  Current
I, [2016-11-30T12:46:33.639362 #3286]  INFO -- simple1-ubuntu1404:                           Dload  Upload   Total   Spent    Left  Speed
I, [2016-11-30T12:46:33.702992 #3286]  INFO -- simple1-ubuntu1404:   0     0    0     0    0     0      0      0 --:--:-- --:--:-- --:--:--     0curl: (6) Could not resolve host: nil
I, [2016-11-30T12:46:33.704446 #3286]  INFO -- simple1-ubuntu1404: trying perl...
I, [2016-11-30T12:46:33.706098 #3286]  INFO -- simple1-ubuntu1404: Can't locate LWP/Simple.pm in @INC (you may need to install the LWP::Simple module) (@INC contains: /etc/perl /usr/local/lib/perl/5.18.2 /usr/local/share/perl/5.18.2 /usr/lib/perl5 /usr/share/perl5 /usr/lib/perl/5.18 /usr/share/perl/5.18 /usr/local/lib/site_perl .) at -e line 1.
I, [2016-11-30T12:46:33.706182 #3286]  INFO -- simple1-ubuntu1404: BEGIN failed--compilation aborted at -e line 1.
I, [2016-11-30T12:46:33.706422 #3286]  INFO -- simple1-ubuntu1404: trying python...
I, [2016-11-30T12:46:33.775795 #3286]  INFO -- simple1-ubuntu1404: Traceback (most recent call last):
I, [2016-11-30T12:46:33.775859 #3286]  INFO -- simple1-ubuntu1404:   File "<string>", line 1, in <module>
I, [2016-11-30T12:46:33.775883 #3286]  INFO -- simple1-ubuntu1404:   File "/usr/lib/python2.7/urllib2.py", line 127, in urlopen
I, [2016-11-30T12:46:33.776116 #3286]  INFO -- simple1-ubuntu1404:     return _opener.open(url, data, timeout)
I, [2016-11-30T12:46:33.776139 #3286]  INFO -- simple1-ubuntu1404:   File "/usr/lib/python2.7/urllib2.py", line 396, in open
I, [2016-11-30T12:46:33.776282 #3286]  INFO -- simple1-ubuntu1404:     protocol = req.get_type()
I, [2016-11-30T12:46:33.776337 #3286]  INFO -- simple1-ubuntu1404:   File "/usr/lib/python2.7/urllib2.py", line 258, in get_type
I, [2016-11-30T12:46:33.776363 #3286]  INFO -- simple1-ubuntu1404:     raise ValueError, "unknown url type: %s" % self.__original
I, [2016-11-30T12:46:33.776386 #3286]  INFO -- simple1-ubuntu1404: ValueError: unknown url type: nil
E, [2016-11-30T12:46:33.779771 #3286] ERROR -- simple1-ubuntu1404: wget, curl, fetch, perl or python not found on this instance.
I, [2016-11-30T12:46:33.834208 #3286]  INFO -- simple1-ubuntu1404: sudo: unable to resolve host ubuntu1604
I, [2016-11-30T12:46:33.838262 #3286]  INFO -- simple1-ubuntu1404: -----> End Installing Chef Omnibus
I, [2016-11-30T12:46:33.838609 #3286]  INFO -- simple1-ubuntu1404: Transferring files to <simple1-ubuntu1404>
I, [2016-11-30T12:46:33.848453 #3286]  INFO -- simple1-ubuntu1404: *************** AnsiblePush run ***************
E, [2016-11-30T12:46:53.561254 #3286] ERROR -- simple1-ubuntu1404: Converge failed on instance <simple1-ubuntu1404>.
E, [2016-11-30T12:46:53.561496 #3286] ERROR -- simple1-ubuntu1404: ------Exception-------
E, [2016-11-30T12:46:53.561526 #3286] ERROR -- simple1-ubuntu1404: Class: RuntimeError
E, [2016-11-30T12:46:53.561551 #3286] ERROR -- simple1-ubuntu1404: Message: ansible-playbook returned a non zero '2'. Please see the output above.
E, [2016-11-30T12:46:53.561572 #3286] ERROR -- simple1-ubuntu1404: ----------------------
E, [2016-11-30T12:46:53.561604 #3286] ERROR -- simple1-ubuntu1404: ------Backtrace-------
E, [2016-11-30T12:46:53.561627 #3286] ERROR -- simple1-ubuntu1404: /usr/local/lib/ruby/gems/2.3.0/gems/kitchen-ansiblepush-0.4.0/lib/kitchen/provisioner/ansible_push.rb:219:in `exec_ansible_command'
E, [2016-11-30T12:46:53.561649 #3286] ERROR -- simple1-ubuntu1404: /usr/local/lib/ruby/gems/2.3.0/gems/kitchen-ansiblepush-0.4.0/lib/kitchen/provisioner/ansible_push.rb:175:in `run_command'
E, [2016-11-30T12:46:53.561669 #3286] ERROR -- simple1-ubuntu1404: /usr/local/lib/ruby/gems/2.3.0/gems/test-kitchen-1.14.0/lib/kitchen/provisioner/base.rb:79:in `block in call'
E, [2016-11-30T12:46:53.561688 #3286] ERROR -- simple1-ubuntu1404: /usr/local/lib/ruby/gems/2.3.0/gems/test-kitchen-1.14.0/lib/kitchen/transport/base.rb:94:in `initialize'
E, [2016-11-30T12:46:53.561708 #3286] ERROR -- simple1-ubuntu1404: /usr/local/lib/ruby/gems/2.3.0/gems/test-kitchen-1.14.0/lib/kitchen/transport/ssh.rb:441:in `new'
E, [2016-11-30T12:46:53.561830 #3286] ERROR -- simple1-ubuntu1404: /usr/local/lib/ruby/gems/2.3.0/gems/test-kitchen-1.14.0/lib/kitchen/transport/ssh.rb:441:in `create_new_connection'
E, [2016-11-30T12:46:53.561850 #3286] ERROR -- simple1-ubuntu1404: /usr/local/lib/ruby/gems/2.3.0/gems/test-kitchen-1.14.0/lib/kitchen/transport/ssh.rb:93:in `connection'
E, [2016-11-30T12:46:53.561870 #3286] ERROR -- simple1-ubuntu1404: /usr/local/lib/ruby/gems/2.3.0/gems/test-kitchen-1.14.0/lib/kitchen/provisioner/base.rb:71:in `call'
E, [2016-11-30T12:46:53.561887 #3286] ERROR -- simple1-ubuntu1404: /usr/local/lib/ruby/gems/2.3.0/gems/test-kitchen-1.14.0/lib/kitchen/instance.rb:387:in `block in converge_action'
E, [2016-11-30T12:46:53.561906 #3286] ERROR -- simple1-ubuntu1404: /usr/local/lib/ruby/gems/2.3.0/gems/test-kitchen-1.14.0/lib/kitchen/instance.rb:530:in `synchronize_or_call'
E, [2016-11-30T12:46:53.561922 #3286] ERROR -- simple1-ubuntu1404: /usr/local/lib/ruby/gems/2.3.0/gems/test-kitchen-1.14.0/lib/kitchen/instance.rb:492:in `block in action'
E, [2016-11-30T12:46:53.561944 #3286] ERROR -- simple1-ubuntu1404: /usr/local/Cellar/ruby/2.3.3/lib/ruby/2.3.0/benchmark.rb:293:in `measure'
E, [2016-11-30T12:46:53.561965 #3286] ERROR -- simple1-ubuntu1404: /usr/local/lib/ruby/gems/2.3.0/gems/test-kitchen-1.14.0/lib/kitchen/instance.rb:491:in `action'
E, [2016-11-30T12:46:53.561986 #3286] ERROR -- simple1-ubuntu1404: /usr/local/lib/ruby/gems/2.3.0/gems/test-kitchen-1.14.0/lib/kitchen/instance.rb:383:in `converge_action'
E, [2016-11-30T12:46:53.562008 #3286] ERROR -- simple1-ubuntu1404: /usr/local/lib/ruby/gems/2.3.0/gems/test-kitchen-1.14.0/lib/kitchen/instance.rb:362:in `block in transition_to'
E, [2016-11-30T12:46:53.562025 #3286] ERROR -- simple1-ubuntu1404: /usr/local/lib/ruby/gems/2.3.0/gems/test-kitchen-1.14.0/lib/kitchen/instance.rb:361:in `each'
E, [2016-11-30T12:46:53.562041 #3286] ERROR -- simple1-ubuntu1404: /usr/local/lib/ruby/gems/2.3.0/gems/test-kitchen-1.14.0/lib/kitchen/instance.rb:361:in `transition_to'
E, [2016-11-30T12:46:53.562060 #3286] ERROR -- simple1-ubuntu1404: /usr/local/lib/ruby/gems/2.3.0/gems/test-kitchen-1.14.0/lib/kitchen/instance.rb:138:in `converge'
E, [2016-11-30T12:46:53.562077 #3286] ERROR -- simple1-ubuntu1404: /usr/local/lib/ruby/gems/2.3.0/gems/test-kitchen-1.14.0/lib/kitchen/command.rb:201:in `public_send'
E, [2016-11-30T12:46:53.562094 #3286] ERROR -- simple1-ubuntu1404: /usr/local/lib/ruby/gems/2.3.0/gems/test-kitchen-1.14.0/lib/kitchen/command.rb:201:in `run_action_in_thread'
E, [2016-11-30T12:46:53.562112 #3286] ERROR -- simple1-ubuntu1404: /usr/local/lib/ruby/gems/2.3.0/gems/test-kitchen-1.14.0/lib/kitchen/command.rb:173:in `block (2 levels) in run_action'
E, [2016-11-30T12:46:53.562132 #3286] ERROR -- simple1-ubuntu1404: ----End Backtrace-----
