I, [2016-11-30T12:47:14.286214 #3286]  INFO -- simple1-ubuntu1604: -----> Converging <simple1-ubuntu1604>...
I, [2016-11-30T12:47:14.286802 #3286]  INFO -- simple1-ubuntu1604: Preparing files for transfer
I, [2016-11-30T12:47:14.287090 #3286]  INFO -- simple1-ubuntu1604: *************** AnsiblePush install_command ***************
I, [2016-11-30T12:47:14.287188 #3286]  INFO -- simple1-ubuntu1604: Ansible push config validated
I, [2016-11-30T12:47:15.122225 #3286]  INFO -- simple1-ubuntu1604: -----> Installing Chef Omnibus needed by busser and serverspec
I, [2016-11-30T12:47:15.124262 #3286]  INFO -- simple1-ubuntu1604: downloading nil
I, [2016-11-30T12:47:15.124528 #3286]  INFO -- simple1-ubuntu1604:   to file /tmp/install.sh
I, [2016-11-30T12:47:15.124882 #3286]  INFO -- simple1-ubuntu1604: trying wget...
I, [2016-11-30T12:47:15.246294 #3286]  INFO -- simple1-ubuntu1604: trying curl...
I, [2016-11-30T12:47:15.341292 #3286]  INFO -- simple1-ubuntu1604:   % Total    % Received % Xferd  Average Speed   Time    Time     Time  Current
I, [2016-11-30T12:47:15.341366 #3286]  INFO -- simple1-ubuntu1604:                           Dload  Upload   Total   Spent    Left  Speed
I, [2016-11-30T12:47:15.856431 #3286]  INFO -- simple1-ubuntu1604:   0     0    0     0    0     0      0      0 --:--:-- --:--:-- --:--:--     0  0     0    0     0    0     0      0      0 --:--:-- --:--:-- --:--:--     0curl: (6) Could not resolve host: nil
I, [2016-11-30T12:47:15.857487 #3286]  INFO -- simple1-ubuntu1604: trying perl...
I, [2016-11-30T12:47:15.861162 #3286]  INFO -- simple1-ubuntu1604: Can't locate LWP/Simple.pm in @INC (you may need to install the LWP::Simple module) (@INC contains: /etc/perl /usr/local/lib/perl/5.18.2 /usr/local/share/perl/5.18.2 /usr/lib/perl5 /usr/share/perl5 /usr/lib/perl/5.18 /usr/share/perl/5.18 /usr/local/lib/site_perl .) at -e line 1.
I, [2016-11-30T12:47:15.861279 #3286]  INFO -- simple1-ubuntu1604: BEGIN failed--compilation aborted at -e line 1.
I, [2016-11-30T12:47:15.862216 #3286]  INFO -- simple1-ubuntu1604: trying python...
I, [2016-11-30T12:47:15.918313 #3286]  INFO -- simple1-ubuntu1604: Traceback (most recent call last):
I, [2016-11-30T12:47:15.918599 #3286]  INFO -- simple1-ubuntu1604:   File "<string>", line 1, in <module>
I, [2016-11-30T12:47:15.918694 #3286]  INFO -- simple1-ubuntu1604:   File "/usr/lib/python2.7/urllib2.py", line 127, in urlopen
I, [2016-11-30T12:47:15.918777 #3286]  INFO -- simple1-ubuntu1604:     return _opener.open(url, data, timeout)
I, [2016-11-30T12:47:15.918816 #3286]  INFO -- simple1-ubuntu1604:   File "/usr/lib/python2.7/urllib2.py", line 396, in open
I, [2016-11-30T12:47:15.918872 #3286]  INFO -- simple1-ubuntu1604:     protocol = req.get_type()
I, [2016-11-30T12:47:15.918907 #3286]  INFO -- simple1-ubuntu1604:   File "/usr/lib/python2.7/urllib2.py", line 258, in get_type
I, [2016-11-30T12:47:15.918940 #3286]  INFO -- simple1-ubuntu1604:     raise ValueError, "unknown url type: %s" % self.__original
I, [2016-11-30T12:47:15.918961 #3286]  INFO -- simple1-ubuntu1604: ValueError: unknown url type: nil
E, [2016-11-30T12:47:15.927228 #3286] ERROR -- simple1-ubuntu1604: wget, curl, fetch, perl or python not found on this instance.
I, [2016-11-30T12:47:15.936183 #3286]  INFO -- simple1-ubuntu1604: -----> End Installing Chef Omnibus
I, [2016-11-30T12:47:15.938114 #3286]  INFO -- simple1-ubuntu1604: Transferring files to <simple1-ubuntu1604>
I, [2016-11-30T12:47:15.948653 #3286]  INFO -- simple1-ubuntu1604: *************** AnsiblePush run ***************
E, [2016-11-30T12:47:35.814959 #3286] ERROR -- simple1-ubuntu1604: Converge failed on instance <simple1-ubuntu1604>.
E, [2016-11-30T12:47:35.815173 #3286] ERROR -- simple1-ubuntu1604: ------Exception-------
E, [2016-11-30T12:47:35.815190 #3286] ERROR -- simple1-ubuntu1604: Class: RuntimeError
E, [2016-11-30T12:47:35.815202 #3286] ERROR -- simple1-ubuntu1604: Message: ansible-playbook returned a non zero '2'. Please see the output above.
E, [2016-11-30T12:47:35.815212 #3286] ERROR -- simple1-ubuntu1604: ----------------------
E, [2016-11-30T12:47:35.815222 #3286] ERROR -- simple1-ubuntu1604: ------Backtrace-------
E, [2016-11-30T12:47:35.815236 #3286] ERROR -- simple1-ubuntu1604: /usr/local/lib/ruby/gems/2.3.0/gems/kitchen-ansiblepush-0.4.0/lib/kitchen/provisioner/ansible_push.rb:219:in `exec_ansible_command'
E, [2016-11-30T12:47:35.815248 #3286] ERROR -- simple1-ubuntu1604: /usr/local/lib/ruby/gems/2.3.0/gems/kitchen-ansiblepush-0.4.0/lib/kitchen/provisioner/ansible_push.rb:175:in `run_command'
E, [2016-11-30T12:47:35.815258 #3286] ERROR -- simple1-ubuntu1604: /usr/local/lib/ruby/gems/2.3.0/gems/test-kitchen-1.14.0/lib/kitchen/provisioner/base.rb:79:in `block in call'
E, [2016-11-30T12:47:35.815268 #3286] ERROR -- simple1-ubuntu1604: /usr/local/lib/ruby/gems/2.3.0/gems/test-kitchen-1.14.0/lib/kitchen/transport/base.rb:94:in `initialize'
E, [2016-11-30T12:47:35.815280 #3286] ERROR -- simple1-ubuntu1604: /usr/local/lib/ruby/gems/2.3.0/gems/test-kitchen-1.14.0/lib/kitchen/transport/ssh.rb:441:in `new'
E, [2016-11-30T12:47:35.815292 #3286] ERROR -- simple1-ubuntu1604: /usr/local/lib/ruby/gems/2.3.0/gems/test-kitchen-1.14.0/lib/kitchen/transport/ssh.rb:441:in `create_new_connection'
E, [2016-11-30T12:47:35.815304 #3286] ERROR -- simple1-ubuntu1604: /usr/local/lib/ruby/gems/2.3.0/gems/test-kitchen-1.14.0/lib/kitchen/transport/ssh.rb:93:in `connection'
E, [2016-11-30T12:47:35.815315 #3286] ERROR -- simple1-ubuntu1604: /usr/local/lib/ruby/gems/2.3.0/gems/test-kitchen-1.14.0/lib/kitchen/provisioner/base.rb:71:in `call'
E, [2016-11-30T12:47:35.815327 #3286] ERROR -- simple1-ubuntu1604: /usr/local/lib/ruby/gems/2.3.0/gems/test-kitchen-1.14.0/lib/kitchen/instance.rb:387:in `block in converge_action'
E, [2016-11-30T12:47:35.815339 #3286] ERROR -- simple1-ubuntu1604: /usr/local/lib/ruby/gems/2.3.0/gems/test-kitchen-1.14.0/lib/kitchen/instance.rb:530:in `synchronize_or_call'
E, [2016-11-30T12:47:35.815351 #3286] ERROR -- simple1-ubuntu1604: /usr/local/lib/ruby/gems/2.3.0/gems/test-kitchen-1.14.0/lib/kitchen/instance.rb:492:in `block in action'
E, [2016-11-30T12:47:35.815361 #3286] ERROR -- simple1-ubuntu1604: /usr/local/Cellar/ruby/2.3.3/lib/ruby/2.3.0/benchmark.rb:293:in `measure'
E, [2016-11-30T12:47:35.815373 #3286] ERROR -- simple1-ubuntu1604: /usr/local/lib/ruby/gems/2.3.0/gems/test-kitchen-1.14.0/lib/kitchen/instance.rb:491:in `action'
E, [2016-11-30T12:47:35.815384 #3286] ERROR -- simple1-ubuntu1604: /usr/local/lib/ruby/gems/2.3.0/gems/test-kitchen-1.14.0/lib/kitchen/instance.rb:383:in `converge_action'
E, [2016-11-30T12:47:35.815399 #3286] ERROR -- simple1-ubuntu1604: /usr/local/lib/ruby/gems/2.3.0/gems/test-kitchen-1.14.0/lib/kitchen/instance.rb:362:in `block in transition_to'
E, [2016-11-30T12:47:35.815411 #3286] ERROR -- simple1-ubuntu1604: /usr/local/lib/ruby/gems/2.3.0/gems/test-kitchen-1.14.0/lib/kitchen/instance.rb:361:in `each'
E, [2016-11-30T12:47:35.815424 #3286] ERROR -- simple1-ubuntu1604: /usr/local/lib/ruby/gems/2.3.0/gems/test-kitchen-1.14.0/lib/kitchen/instance.rb:361:in `transition_to'
E, [2016-11-30T12:47:35.815436 #3286] ERROR -- simple1-ubuntu1604: /usr/local/lib/ruby/gems/2.3.0/gems/test-kitchen-1.14.0/lib/kitchen/instance.rb:138:in `converge'
E, [2016-11-30T12:47:35.815448 #3286] ERROR -- simple1-ubuntu1604: /usr/local/lib/ruby/gems/2.3.0/gems/test-kitchen-1.14.0/lib/kitchen/command.rb:201:in `public_send'
E, [2016-11-30T12:47:35.815465 #3286] ERROR -- simple1-ubuntu1604: /usr/local/lib/ruby/gems/2.3.0/gems/test-kitchen-1.14.0/lib/kitchen/command.rb:201:in `run_action_in_thread'
E, [2016-11-30T12:47:35.815478 #3286] ERROR -- simple1-ubuntu1604: /usr/local/lib/ruby/gems/2.3.0/gems/test-kitchen-1.14.0/lib/kitchen/command.rb:173:in `block (2 levels) in run_action'
E, [2016-11-30T12:47:35.815522 #3286] ERROR -- simple1-ubuntu1604: ----End Backtrace-----
